c:\users\owner\documents\github\exo2\debug\vc142.pdb
c:\users\owner\documents\github\exo2\debug\vc142.idb
c:\users\owner\documents\github\exo2\debug\main.obj
c:\users\owner\documents\github\exo2\debug\communication.ilk
c:\users\owner\documents\github\exo2\debug\managers.ilk
c:\users\owner\documents\github\exo2\debug\observers.ilk
c:\users\owner\documents\github\exo2\debug\sensors.ilk
c:\users\owner\documents\github\exo2\debug\communication.pdb
c:\users\owner\documents\github\exo2\debug\exo2.pdb
c:\users\owner\documents\github\exo2\debug\managers.pdb
c:\users\owner\documents\github\exo2\debug\observers.pdb
c:\users\owner\documents\github\exo2\debug\sensors.pdb
c:\users\owner\documents\github\exo2\debug\exo2.tlog\cl.command.1.tlog
c:\users\owner\documents\github\exo2\debug\exo2.tlog\cl.read.1.tlog
c:\users\owner\documents\github\exo2\debug\exo2.tlog\cl.write.1.tlog
c:\users\owner\documents\github\exo2\debug\exo2.tlog\link-cvtres.read.1.tlog
c:\users\owner\documents\github\exo2\debug\exo2.tlog\link-cvtres.write.1.tlog
c:\users\owner\documents\github\exo2\debug\exo2.tlog\link-rc.read.1.tlog
c:\users\owner\documents\github\exo2\debug\exo2.tlog\link-rc.write.1.tlog
c:\users\owner\documents\github\exo2\debug\exo2.tlog\link.command.1.tlog
c:\users\owner\documents\github\exo2\debug\exo2.tlog\link.read.1.tlog
c:\users\owner\documents\github\exo2\debug\exo2.tlog\link.write.1.tlog
