c:\users\owner\documents\github\exo2\managers\debug\vc142.pdb
c:\users\owner\documents\github\exo2\managers\debug\vc142.idb
c:\users\owner\documents\github\exo2\managers\debug\serialmanager.obj
c:\users\owner\documents\github\exo2\managers\debug\sensormanager.obj
c:\users\owner\documents\github\exo2\managers\debug\recordermanager.obj
c:\users\owner\documents\github\exo2\managers\debug\publisher.obj
c:\users\owner\documents\github\exo2\managers\debug\plotmanager.obj
c:\users\owner\documents\github\exo2\managers\debug\managers.obj
c:\users\owner\documents\github\exo2\managers\debug\manager.obj
c:\users\owner\documents\github\exo2\managers\debug\filtermanager.obj
c:\users\owner\documents\github\exo2\managers\debug\communicationmanager.obj
c:\users\owner\documents\github\exo2\debug\managers.ilk
c:\users\owner\documents\github\exo2\debug\managers.exe
c:\users\owner\documents\github\exo2\debug\managers.pdb
c:\users\owner\documents\github\exo2\managers\debug\managers.tlog\cl.command.1.tlog
c:\users\owner\documents\github\exo2\managers\debug\managers.tlog\cl.read.1.tlog
c:\users\owner\documents\github\exo2\managers\debug\managers.tlog\cl.write.1.tlog
c:\users\owner\documents\github\exo2\managers\debug\managers.tlog\link.command.1.tlog
c:\users\owner\documents\github\exo2\managers\debug\managers.tlog\link.read.1.tlog
c:\users\owner\documents\github\exo2\managers\debug\managers.tlog\link.write.1.tlog
