c:\users\owner\documents\github\cppexo\sensors\debug\vc142.pdb
c:\users\owner\documents\github\cppexo\sensors\debug\vc142.idb
c:\users\owner\documents\github\cppexo\sensors\debug\temperature.obj
c:\users\owner\documents\github\cppexo\sensors\debug\sensors.obj
c:\users\owner\documents\github\cppexo\sensors\debug\sensor.obj
c:\users\owner\documents\github\cppexo\sensors\debug\mag.obj
c:\users\owner\documents\github\cppexo\sensors\debug\imu.obj
c:\users\owner\documents\github\cppexo\sensors\debug\gyro.obj
c:\users\owner\documents\github\cppexo\sensors\debug\fsr.obj
c:\users\owner\documents\github\cppexo\sensors\debug\counter.obj
c:\users\owner\documents\github\cppexo\sensors\debug\accel.obj
c:\users\owner\documents\github\cppexo\sensors\debug\sensors.ilk
c:\users\owner\documents\github\cppexo\sensors\debug\sensors.exe
c:\users\owner\documents\github\cppexo\sensors\debug\sensors.pdb
c:\users\owner\documents\github\cppexo\sensors\debug\managers.pdb
c:\users\owner\documents\github\cppexo\sensors\debug\observers.pdb
c:\users\owner\documents\github\cppexo\sensors\debug\sensors.tlog\cl.command.1.tlog
c:\users\owner\documents\github\cppexo\sensors\debug\sensors.tlog\cl.read.1.tlog
c:\users\owner\documents\github\cppexo\sensors\debug\sensors.tlog\cl.write.1.tlog
c:\users\owner\documents\github\cppexo\sensors\debug\sensors.tlog\link.command.1.tlog
c:\users\owner\documents\github\cppexo\sensors\debug\sensors.tlog\link.read.1.tlog
c:\users\owner\documents\github\cppexo\sensors\debug\sensors.tlog\link.write.1.tlog
